<?xml version="1.0" encoding="UTF-8"?>
<testng-results ignored="0" total="1" passed="1" failed="0" skipped="0">
  <reporter-output>
  </reporter-output>
  <suite started-at="2023-12-20T13:01:44Z" name="Suite" finished-at="2023-12-20T13:01:47Z" duration-ms="3119">
    <groups>
    </groups>
    <test started-at="2023-12-20T13:01:44Z" name="Test" finished-at="2023-12-20T13:01:47Z" duration-ms="3119">
      <class name="tests.LoginTest">
        <test-method signature="test1()[pri:0, instance:tests.LoginTest@4148db48]" started-at="2023-12-20T13:01:44Z" name="test1" finished-at="2023-12-20T13:01:47Z" duration-ms="3107" status="PASS">
          <reporter-output>
          </reporter-output>
        </test-method> <!-- test1 -->
      </class> <!-- tests.LoginTest -->
    </test> <!-- Test -->
  </suite> <!-- Suite -->
</testng-results>
