<?xml version="1.0" encoding="UTF-8"?>
<testng-results skipped="0" failed="0" ignored="0" total="1" passed="1">
  <reporter-output>
  </reporter-output>
  <suite name="Default suite" duration-ms="5197" started-at="2023-12-20T11:11:30Z" finished-at="2023-12-20T11:11:35Z">
    <groups>
    </groups>
    <test name="Default test" duration-ms="5197" started-at="2023-12-20T11:11:30Z" finished-at="2023-12-20T11:11:35Z">
      <class name="tests.LoginTest">
        <test-method status="PASS" signature="test1()[pri:0, instance:tests.LoginTest@64bfbc86]" name="test1" duration-ms="5174" started-at="2023-12-20T11:11:30Z" finished-at="2023-12-20T11:11:35Z">
          <reporter-output>
          </reporter-output>
        </test-method> <!-- test1 -->
      </class> <!-- tests.LoginTest -->
    </test> <!-- Default test -->
  </suite> <!-- Default suite -->
</testng-results>
